<?xml version='1.0' encoding='UTF-8'?>
<testsuite hostname="?" name="recfun.RecFunSuite" tests="20" errors="0" failures="0" skipped="0" time="0.236" timestamp="2020-04-12T15:17:01">
                     <properties>
[...]
</properties>
                     <testcase classname="recfun.RecFunSuite" name="countChange: sorted CHF" time="0.099">
                                                 
                                               </testcase><testcase classname="recfun.RecFunSuite" name="countChange: unsorted CHF" time="0.002">
                                                 
                                               </testcase><testcase classname="recfun.RecFunSuite" name="countChange: example given in instructions" time="0.001">
                                                 
                                               </testcase><testcase classname="recfun.RecFunSuite" name="balance: counting is not enough" time="0.107">
                                                 
                                               </testcase><testcase classname="recfun.RecFunSuite" name="pascal: col=3,row=6" time="0.001">
                                                 
                                               </testcase><testcase classname="recfun.RecFunSuite" name="balance: empty of parentheses is always balanced" time="0.001">
                                                 
                                               </testcase><testcase classname="recfun.RecFunSuite" name="base case col = 0" time="0.001">
                                                 
                                               </testcase><testcase classname="recfun.RecFunSuite" name="balance: empty is always balanced" time="0.001">
                                                 
                                               </testcase><testcase classname="recfun.RecFunSuite" name="pascal: col=1,row=2" time="0.002">
                                                 
                                               </testcase><testcase classname="recfun.RecFunSuite" name="pascal: col=1,row=3" time="0.002">
                                                 
                                               </testcase><testcase classname="recfun.RecFunSuite" name="balance: ':-)' is unbalanced" time="0.001">
                                                 
                                               </testcase><testcase classname="recfun.RecFunSuite" name="pascal: col=0,row=2" time="0.001">
                                                 
                                               </testcase><testcase classname="recfun.RecFunSuite" name="balance: last parentheses is off" time="0.002">
                                                 
                                               </testcase><testcase classname="recfun.RecFunSuite" name="balance: '(if (zero? x) max (/ 1 x))' is balanced" time="0.002">
                                                 
                                               </testcase><testcase classname="recfun.RecFunSuite" name="pascal: col=4,row=10" time="0.003">
                                                 
                                               </testcase><testcase classname="recfun.RecFunSuite" name="countChange: no pennies" time="0.002">
                                                 
                                               </testcase><testcase classname="recfun.RecFunSuite" name="base case row == col" time="0.001">
                                                 
                                               </testcase><testcase classname="recfun.RecFunSuite" name="balance: closed at the beginning or open at the end is never valid" time="0.003">
                                                 
                                               </testcase><testcase classname="recfun.RecFunSuite" name="pascal: col=5,row=10" time="0.001">
                                                 
                                               </testcase><testcase classname="recfun.RecFunSuite" name="balance: 'I told him ...' is balanced" time="0.003">
                                                 
                                               </testcase>
                     <system-out><![CDATA[]]></system-out>
                     <system-err><![CDATA[]]></system-err>
                   </testsuite>