<?xml version='1.0' encoding='UTF-8'?>
<testsuite hostname="?" name="calculator.CalculatorSuite" tests="13" errors="0" failures="0" skipped="0" time="0.279" timestamp="2020-06-19T19:04:40">
                     <properties>
[...]
</properties>
                     <testcase classname="calculator.CalculatorSuite" name="Cyclic dependencies should result in NaN" time="0.081">
                                                 
                                               </testcase><testcase classname="calculator.CalculatorSuite" name="Self dependency" time="0.01">
                                                 
                                               </testcase><testcase classname="calculator.CalculatorSuite" name="If b previously depended on a, but no longer does, then it should not be recomputed anymore when a changes" time="0.014">
                                                 
                                               </testcase><testcase classname="calculator.CalculatorSuite" name="tweetRemainingCharsCount with a constant signal" time="0.068">
                                                 
                                               </testcase><testcase classname="calculator.CalculatorSuite" name="Expressions corresponding to every variable should be correctly evaluated" time="0.026">
                                                 
                                               </testcase><testcase classname="calculator.CalculatorSuite" name="tweetRemainingCharsCount's result signal should follow the input signal" time="0.008">
                                                 
                                               </testcase><testcase classname="calculator.CalculatorSuite" name="When an expression changes, other variables that depend on it should be recomputed" time="0.011">
                                                 
                                               </testcase><testcase classname="calculator.CalculatorSuite" name="When an expression changes, *only* the variables that depend on it should be recomputed" time="0.016">
                                                 
                                               </testcase><testcase classname="calculator.CalculatorSuite" name="computeDelta test" time="0.013">
                                                 
                                               </testcase><testcase classname="calculator.CalculatorSuite" name="colorForRemainingCharsCount with a constant signal&quot;" time="0.008">
                                                 
                                               </testcase><testcase classname="calculator.CalculatorSuite" name="tweetRemainingCharsCount with a supplementary char" time="0.003">
                                                 
                                               </testcase><testcase classname="calculator.CalculatorSuite" name="computeSolutions test" time="0.016">
                                                 
                                               </testcase><testcase classname="calculator.CalculatorSuite" name="Referencing an unknown variable should result in NaN" time="0.005">
                                                 
                                               </testcase>
                     <system-out><![CDATA[]]></system-out>
                     <system-err><![CDATA[]]></system-err>
                   </testsuite>