<?xml version='1.0' encoding='UTF-8'?>
<testsuite hostname="?" name="quickcheck.QuickCheckSuite" tests="6" errors="0" failures="1" skipped="0" time="0.234" timestamp="2020-05-26T19:39:56">
                     <properties>
[...]
</properties>
                     <testcase classname="quickcheck.QuickCheckSuite" name="Bogus (5) binomial heap does not satisfy properties. (10pts)" time="0.011">
                                                 
                                               </testcase><testcase classname="quickcheck.QuickCheckSuite" name="Bogus (4) binomial heap does not satisfy properties. (10pts)" time="0.021">
                                                 
                                               </testcase><testcase classname="quickcheck.QuickCheckSuite" name="Bogus (3) binomial heap does not satisfy properties. (10pts)" time="0.086">
                                                 <failure message="java.lang.AssertionError: A bogus heap should NOT satisfy all properties. Try to find the bug!" type="sbt.ForkMain$ForkError">sbt.ForkMain$ForkError: java.lang.AssertionError: A bogus heap should NOT satisfy all properties. Try to find the bug!
	at quickcheck.QuickCheckSuite.fail$1(QuickCheckSuite.scala:17)
	at quickcheck.QuickCheckSuite.checkBogus(QuickCheckSuite.scala:26)
	at quickcheck.QuickCheckSuite.Bogus$u0020$u00283$u0029$u0020binomial$u0020heap$u0020does$u0020not$u0020satisfy$u0020properties$u002E$u0020$u002810pts$u0029(QuickCheckSuite.scala:46)
	at java.base/jdk.internal.reflect.NativeMethodAccessorImpl.invoke0(Native Method)
	at java.base/jdk.internal.reflect.NativeMethodAccessorImpl.invoke(NativeMethodAccessorImpl.java:62)
	at java.base/jdk.internal.reflect.DelegatingMethodAccessorImpl.invoke(DelegatingMethodAccessorImpl.java:43)
	at java.base/java.lang.reflect.Method.invoke(Method.java:567)
	at org.junit.runners.model.FrameworkMethod$1.runReflectiveCall(FrameworkMethod.java:47)
	at org.junit.internal.runners.model.ReflectiveCallable.run(ReflectiveCallable.java:12)
	at org.junit.runners.model.FrameworkMethod.invokeExplosively(FrameworkMethod.java:44)
	at org.junit.internal.runners.statements.InvokeMethod.evaluate(InvokeMethod.java:17)
	at org.junit.internal.runners.statements.FailOnTimeout$StatementThread.run(FailOnTimeout.java:74)
</failure>
                                               </testcase><testcase classname="quickcheck.QuickCheckSuite" name="Bogus (2) binomial heap does not satisfy properties. (10pts)" time="0.066">
                                                 
                                               </testcase><testcase classname="quickcheck.QuickCheckSuite" name="Binomial heap satisfies properties. (5pts)" time="0.047">
                                                 
                                               </testcase><testcase classname="quickcheck.QuickCheckSuite" name="Bogus (1) binomial heap does not satisfy properties. (10pts)" time="0.003">
                                                 
                                               </testcase>
                     <system-out><![CDATA[]]></system-out>
                     <system-err><![CDATA[]]></system-err>
                   </testsuite>