[0m[[0m[0mdebug[0m] [0m[0mjavaOptions: Vector()[0m
[0m[[0m[0mdebug[0m] [0m[0mForking tests - parallelism = false[0m
[0m[[0m[0mdebug[0m] [0m[0mCreate a single-thread test executor[0m
[0m[[0m[0mdebug[0m] [0m[0mRunner for org.scalacheck.ScalaCheckFramework produced 1 initial tasks for 1 tests.[0m
[0m[[0m[0mdebug[0m] [0m[0m  Running TaskDef(quickcheck.QuickCheckBinomialHeap, sbt.ForkMain$SubclassFingerscan@60f66f74, false, [SuiteSelector])[0m
[0m[[0m[0minfo[0m] [0m[0m[32m+ Heap.gen1: OK, passed 100 tests.[0m[0m
[0m[[0m[0minfo[0m] [0m[0m[32m+ Heap.min1: OK, passed 100 tests.[0m[0m
[0m[[0m[0minfo[0m] [0m[0m[32m+ Heap.deleteMin1: OK, passed 100 tests.[0m[0m
[0m[[0m[0minfo[0m] [0m[0m[32m+ Heap.getSmaller: OK, passed 100 tests.[0m[0m
[0m[[0m[0minfo[0m] [0m[0m[32m+ Heap.meldMinimum: OK, passed 100 tests.[0m[0m
[0m[[0m[0minfo[0m] [0m[0m[32m+ Heap.recursiveMin: OK, passed 100 tests.[0m[0m
[0m[[0m[0minfo[0m] [0m[0m[32m+ Heap.compareMins: OK, passed 100 tests.[0m[0m
[0m[[0m[0minfo[0m] [0m[0m[32m+ Heap.deleteMinThenInsert: OK, passed 100 tests.[0m[0m
[0m[[0m[0minfo[0m] [0m[0m[32m+ Heap.equalityTest: OK, passed 100 tests.[0m[0m
[0m[[0m[0mdebug[0m] [0m[0m    Produced 0 nested tasks and 9 events.[0m
[0m[[0m[0mdebug[0m] [0m[0mRunner for com.novocode.junit.JUnitFramework produced 1 initial tasks for 1 tests.[0m
[0m[[0m[0mdebug[0m] [0m[0m  Running TaskDef(quickcheck.QuickCheckSuite, sbt.ForkMain$AnnotatedFingerscan@76df25f0, false, [SuiteSelector])[0m
[0m[[0m[0minfo[0m] [0m[0m[34mTest run started[0m[0m
[0m[[0m[0minfo[0m] [0m[0mTest quickcheck.[33mQuickCheckSuite[0m.[36mBogus (5) binomial heap does not satisfy properties. (10pts)[0m started[0m
[0m[[0m[0mdebug[0m] [0m[0mTest quickcheck.[33mQuickCheckSuite[0m.[36mBogus (5) binomial heap does not satisfy properties. (10pts)[0m finished, took 0.011 sec[0m
[0m[[0m[0minfo[0m] [0m[0mTest quickcheck.[33mQuickCheckSuite[0m.[36mBogus (4) binomial heap does not satisfy properties. (10pts)[0m started[0m
[0m[[0m[0mdebug[0m] [0m[0mTest quickcheck.[33mQuickCheckSuite[0m.[36mBogus (4) binomial heap does not satisfy properties. (10pts)[0m finished, took 0.021 sec[0m
[0m[[0m[0minfo[0m] [0m[0mTest quickcheck.[33mQuickCheckSuite[0m.[36mBogus (3) binomial heap does not satisfy properties. (10pts)[0m started[0m
[0m[[0m[31merror[0m] [0m[0mTest quickcheck.[33mQuickCheckSuite[0m.[31mBogus (3) binomial heap does not satisfy properties. (10pts)[0m failed: java.lang.[31mAssertionError[0m: A bogus heap should NOT satisfy all properties. Try to find the bug!, took 0.086 sec[0m
[0m[[0m[31merror[0m] [0m[0m    at quickcheck.QuickCheckSuite.fail$1([35mQuickCheckSuite.scala[0m:[33m17[0m)[0m
[0m[[0m[31merror[0m] [0m[0m    at quickcheck.QuickCheckSuite.checkBogus([35mQuickCheckSuite.scala[0m:[33m26[0m)[0m
[0m[[0m[31merror[0m] [0m[0m    at quickcheck.QuickCheckSuite.Bogus (3) binomial heap does not satisfy properties. (10pts)([35mQuickCheckSuite.scala[0m:[33m46[0m)[0m
[0m[[0m[31merror[0m] [0m[0m    at jdk.internal.reflect.NativeMethodAccessorImpl.invoke0(Native Method)[0m
[0m[[0m[31merror[0m] [0m[0m    at jdk.internal.reflect.NativeMethodAccessorImpl.invoke(NativeMethodAccessorImpl.java:62)[0m
[0m[[0m[31merror[0m] [0m[0m    at jdk.internal.reflect.DelegatingMethodAccessorImpl.invoke(DelegatingMethodAccessorImpl.java:43)[0m
[0m[[0m[31merror[0m] [0m[0m    at java.lang.reflect.Method.invoke(Method.java:567)[0m
[0m[[0m[31merror[0m] [0m[0m    ...[0m
[0m[[0m[0mdebug[0m] [0m[0mTest quickcheck.[33mQuickCheckSuite[0m.[36mBogus (3) binomial heap does not satisfy properties. (10pts)[0m finished, took 0.09 sec[0m
[0m[[0m[0minfo[0m] [0m[0mTest quickcheck.[33mQuickCheckSuite[0m.[36mBogus (2) binomial heap does not satisfy properties. (10pts)[0m started[0m
[0m[[0m[0mdebug[0m] [0m[0mTest quickcheck.[33mQuickCheckSuite[0m.[36mBogus (2) binomial heap does not satisfy properties. (10pts)[0m finished, took 0.066 sec[0m
[0m[[0m[0minfo[0m] [0m[0mTest quickcheck.[33mQuickCheckSuite[0m.[36mBinomial heap satisfies properties. (5pts)[0m started[0m
[0m[[0m[0mdebug[0m] [0m[0mTest quickcheck.[33mQuickCheckSuite[0m.[36mBinomial heap satisfies properties. (5pts)[0m finished, took 0.047 sec[0m
[0m[[0m[0minfo[0m] [0m[0mTest quickcheck.[33mQuickCheckSuite[0m.[36mBogus (1) binomial heap does not satisfy properties. (10pts)[0m started[0m
[0m[[0m[0mdebug[0m] [0m[0mTest quickcheck.[33mQuickCheckSuite[0m.[36mBogus (1) binomial heap does not satisfy properties. (10pts)[0m finished, took 0.003 sec[0m
[0m[[0m[0minfo[0m] [0m[0m[34mTest run finished: [0m[31m1 failed[0m[34m, [0m[34m0 ignored[0m[34m, 6 total, 0.256s[0m[0m
[0m[[0m[0mdebug[0m] [0m[0m    Produced 0 nested tasks and 6 events.[0m
[0m[[0m[0mdebug[0m] [0m[0mSummary for ScalaCheck not available.[0m
[0m[[0m[0mdebug[0m] [0m[0mSummary for JUnit not available.[0m
[0m[[0m[31merror[0m] [0m[0mFailed: Total 15, Failed 1, Errors 0, Passed 14[0m
[0m[[0m[0mdebug[0m] [0m[0mPassed tests:[0m
[0m[[0m[0mdebug[0m] [0m[0m	quickcheck.QuickCheckBinomialHeap[0m
[0m[[0m[31merror[0m] [0m[0mFailed tests:[0m
[0m[[0m[31merror[0m] [0m[0m	quickcheck.QuickCheckSuite[0m
[0m[[0m[31merror[0m] [0m[0m(Test / [31mtest[0m) sbt.TestsFailedException: Tests unsuccessful[0m
